Using pre-set license
Built from '2021.2/staging' branch; Version is '2021.2.6f1 (8c4e826ba445) revision 9195138'; Using compiler version '192829333'; Build Type 'Release'
OS: 'Windows 10  (10.0.19044) 64bit Professional' Language: 'en' Physical Memory: 16332 MB
BatchMode: 1, IsHumanControllingUs: 0, StartBugReporterOnCrash: 0, Is64bit: 1, IsPro: 0

COMMAND LINE ARGUMENTS:
E:\Unity Projects\2021.2.6f1\Editor\Unity.exe
-adb2
-batchMode
-noUpm
-name
AssetImportWorker2
-projectPath
E:/Unity Projects/GP-CW-1/GP CW 1
-logFile
Logs/AssetImportWorker2.log
-srvPort
49697
Successfully changed project path to: E:/Unity Projects/GP-CW-1/GP CW 1
E:/Unity Projects/GP-CW-1/GP CW 1
[UnityMemory] Configuration Parameters - Can be set up in boot.config
    "memorysetup-bucket-allocator-granularity=16"
    "memorysetup-bucket-allocator-bucket-count=8"
    "memorysetup-bucket-allocator-block-size=33554432"
    "memorysetup-bucket-allocator-block-count=8"
    "memorysetup-main-allocator-block-size=16777216"
    "memorysetup-thread-allocator-block-size=16777216"
    "memorysetup-gfx-main-allocator-block-size=16777216"
    "memorysetup-gfx-thread-allocator-block-size=16777216"
    "memorysetup-cache-allocator-block-size=4194304"
    "memorysetup-typetree-allocator-block-size=2097152"
    "memorysetup-profiler-bucket-allocator-granularity=16"
    "memorysetup-profiler-bucket-allocator-bucket-count=8"
    "memorysetup-profiler-bucket-allocator-block-size=33554432"
    "memorysetup-profiler-bucket-allocator-block-count=8"
    "memorysetup-profiler-allocator-block-size=16777216"
    "memorysetup-profiler-editor-allocator-block-size=1048576"
    "memorysetup-temp-allocator-size-main=16777216"
    "memorysetup-job-temp-allocator-block-size=2097152"
    "memorysetup-job-temp-allocator-block-size-background=1048576"
    "memorysetup-job-temp-allocator-reduction-small-platforms=262144"
    "memorysetup-temp-allocator-size-background-worker=32768"
    "memorysetup-temp-allocator-size-job-worker=262144"
    "memorysetup-temp-allocator-size-preload-manager=33554432"
    "memorysetup-temp-allocator-size-nav-mesh-worker=65536"
    "memorysetup-temp-allocator-size-audio-worker=65536"
    "memorysetup-temp-allocator-size-cloud-worker=32768"
    "memorysetup-temp-allocator-size-gi-baking-worker=262144"
    "memorysetup-temp-allocator-size-gfx=262144"
Refreshing native plugins compatible for Editor in 130.22 ms, found 3 plugins.
Preloading 0 native plugins for Editor in 0.00 ms.
Initialize engine version: 2021.2.6f1 (8c4e826ba445)
[Subsystems] Discovering subsystems at path E:/Unity Projects/2021.2.6f1/Editor/Data/Resources/UnitySubsystems
[Subsystems] Discovering subsystems at path E:/Unity Projects/GP-CW-1/GP CW 1/Assets
GfxDevice: creating device client; threaded=0; jobified=0
Direct3D:
    Version:  Direct3D 11.0 [level 11.1]
    Renderer: NVIDIA GeForce GTX 1660 SUPER (ID=0x21c4)
    Vendor:   NVIDIA
    VRAM:     5991 MB
    Driver:   30.0.14.9676
Initialize mono
Mono path[0] = 'E:/Unity Projects/2021.2.6f1/Editor/Data/Managed'
Mono path[1] = 'E:/Unity Projects/2021.2.6f1/Editor/Data/MonoBleedingEdge/lib/mono/unityjit-win32'
Mono config path = 'E:/Unity Projects/2021.2.6f1/Editor/Data/MonoBleedingEdge/etc'
Using monoOptions --debugger-agent=transport=dt_socket,embedding=1,server=y,suspend=n,address=127.0.0.1:56144
Begin MonoManager ReloadAssembly
Registering precompiled unity dll's ...
Register platform support module: E:/Unity Projects/2021.2.6f1/Editor/Data/PlaybackEngines/WindowsStandaloneSupport/UnityEditor.WindowsStandalone.Extensions.dll
Registered in 0.002618 seconds.
Native extension for WindowsStandalone target not found
Refreshing native plugins compatible for Editor in 122.01 ms, found 3 plugins.
Preloading 0 native plugins for Editor in 0.00 ms.
Mono: successfully reloaded assembly
- Completed reload, in  0.577 seconds
Domain Reload Profiling:
	ReloadAssembly (577ms)
		BeginReloadAssembly (59ms)
			ExecutionOrderSort (0ms)
			DisableScriptedObjects (0ms)
			BackupInstance (0ms)
			ReleaseScriptingObjects (0ms)
			CreateAndSetChildDomain (1ms)
		EndReloadAssembly (452ms)
			LoadAssemblies (59ms)
			RebuildTransferFunctionScriptingTraits (0ms)
			SetupTypeCache (92ms)
			ReleaseScriptCaches (0ms)
			RebuildScriptCaches (22ms)
			SetupLoadedEditorAssemblies (295ms)
				LogAssemblyErrors (0ms)
				InitializePlatformSupportModulesInManaged (13ms)
				SetLoadedEditorAssemblies (0ms)
				RefreshPlugins (122ms)
				BeforeProcessingInitializeOnLoad (1ms)
				ProcessInitializeOnLoadAttributes (109ms)
				ProcessInitializeOnLoadMethodAttributes (49ms)
				AfterProcessingInitializeOnLoad (0ms)
				EditorAssembliesLoaded (0ms)
			ExecutionOrderSort2 (0ms)
			AwakeInstancesAfterBackupRestoration (0ms)
Platform modules already initialized, skipping
Registering precompiled user dll's ...
Registered in 0.003940 seconds.
Begin MonoManager ReloadAssembly
Symbol file LoadedFromMemory doesn't match image E:\Unity Projects\GP-CW-1\GP CW 1\Library\PackageCache\com.unity.visualscripting@1.7.5\Editor\VisualScripting.Core\Dependencies\YamlDotNet\Unity.VisualScripting.YamlDotNet.dll
Symbol file LoadedFromMemory doesn't match image E:\Unity Projects\GP-CW-1\GP CW 1\Library\PackageCache\com.unity.visualscripting@1.7.5\Editor\VisualScripting.Core\Dependencies\DotNetZip\Unity.VisualScripting.IonicZip.dll
Native extension for WindowsStandalone target not found
Refreshing native plugins compatible for Editor in 125.05 ms, found 3 plugins.
Preloading 0 native plugins for Editor in 0.00 ms.
Mono: successfully reloaded assembly
- Completed reload, in  1.781 seconds
Domain Reload Profiling:
	ReloadAssembly (1782ms)
		BeginReloadAssembly (93ms)
			ExecutionOrderSort (0ms)
			DisableScriptedObjects (5ms)
			BackupInstance (0ms)
			ReleaseScriptingObjects (0ms)
			CreateAndSetChildDomain (20ms)
		EndReloadAssembly (1587ms)
			LoadAssemblies (67ms)
			RebuildTransferFunctionScriptingTraits (0ms)
			SetupTypeCache (248ms)
			ReleaseScriptCaches (1ms)
			RebuildScriptCaches (63ms)
			SetupLoadedEditorAssemblies (1171ms)
				LogAssemblyErrors (0ms)
				InitializePlatformSupportModulesInManaged (9ms)
				SetLoadedEditorAssemblies (0ms)
				RefreshPlugins (125ms)
				BeforeProcessingInitializeOnLoad (110ms)
				ProcessInitializeOnLoadAttributes (855ms)
				ProcessInitializeOnLoadMethodAttributes (69ms)
				AfterProcessingInitializeOnLoad (3ms)
				EditorAssembliesLoaded (0ms)
			ExecutionOrderSort2 (0ms)
			AwakeInstancesAfterBackupRestoration (5ms)
Platform modules already initialized, skipping
========================================================================
Worker process is ready to serve import requests
Launched and connected shader compiler UnityShaderCompiler.exe after 0.08 seconds
Refreshing native plugins compatible for Editor in 1.13 ms, found 3 plugins.
Preloading 0 native plugins for Editor in 0.00 ms.
Unloading 5930 Unused Serialized files (Serialized files now loaded: 0)
Unloading 60 unused Assets / (2.0 MB). Loaded Objects now: 6375.
Memory consumption went from 241.0 MB to 239.0 MB.
Total: 5.618900 ms (FindLiveObjects: 0.607300 ms CreateObjectMapping: 0.163900 ms MarkObjects: 4.199700 ms  DeleteObjects: 0.646800 ms)

AssetImportParameters requested are different than current active one (requested -> active):
  custom:video-decoder-ogg-theora: a1e56fd34408186e4bbccfd4996cb3dc -> 
  custom:container-muxer-webm: aa71ff27fc2769a1b78a27578f13a17b -> 
  custom:container-demuxer-webm: 4f35f7cbe854078d1ac9338744f61a02 -> 
  custom:video-encoder-webm-vp8: eb34c28f22e8b96e1ab97ce403110664 -> 
  custom:audio-encoder-webm-vorbis: bf7c407c2cedff20999df2af8eb42d56 -> 
  custom:framework-win-MediaFoundation: 216162199b28c13a410421893ffa2e32 -> 
  custom:container-demuxer-ogg: 62fdf1f143b41e24485cea50d1cbac27 -> 
  custom:video-decoder-webm-vp8: 9c59270c3fd7afecdb556c50c9e8de78 -> 
  custom:audio-decoder-ogg-vorbis: bf7c407c2cedff20999df2af8eb42d56 -> 
========================================================================
Received Import Request.
  Time since last request: 1812147.287427 seconds.
  path: Assets/Gameplay Samples/Prefabs/Projectile.prefab
  artifactKey: Guid(2c84b2ba807395341a8a9694d1514be6) Importer(815301076,1909f56bfc062723c751e8b465ee728b)
Start importing Assets/Gameplay Samples/Prefabs/Projectile.prefab using Guid(2c84b2ba807395341a8a9694d1514be6) Importer(815301076,1909f56bfc062723c751e8b465ee728b)  -> (artifact id: '5118a3095db35861a4958aa3885dd785') in 0.246000 seconds 
========================================================================
Received Import Request.
  Time since last request: 12.753395 seconds.
  path: Assets/Gameplay Samples/Prefabs/Projectile.prefab
  artifactKey: Guid(2c84b2ba807395341a8a9694d1514be6) Importer(815301076,1909f56bfc062723c751e8b465ee728b)
Start importing Assets/Gameplay Samples/Prefabs/Projectile.prefab using Guid(2c84b2ba807395341a8a9694d1514be6) Importer(815301076,1909f56bfc062723c751e8b465ee728b)  -> (artifact id: '186e3457e5f0909627c45e1a70542423') in 0.238821 seconds 
========================================================================
Received Import Request.
  Time since last request: 6.962045 seconds.
  path: Assets/Gameplay Samples/Prefabs/Projectile.prefab
  artifactKey: Guid(2c84b2ba807395341a8a9694d1514be6) Importer(815301076,1909f56bfc062723c751e8b465ee728b)
Start importing Assets/Gameplay Samples/Prefabs/Projectile.prefab using Guid(2c84b2ba807395341a8a9694d1514be6) Importer(815301076,1909f56bfc062723c751e8b465ee728b)  -> (artifact id: '9d9159062af4a77be29cd85824379695') in 0.009821 seconds 
========================================================================
Received Import Request.
  Time since last request: 16.865611 seconds.
  path: Assets/Gameplay Samples/Prefabs/Projectile.prefab
  artifactKey: Guid(2c84b2ba807395341a8a9694d1514be6) Importer(815301076,1909f56bfc062723c751e8b465ee728b)
Start importing Assets/Gameplay Samples/Prefabs/Projectile.prefab using Guid(2c84b2ba807395341a8a9694d1514be6) Importer(815301076,1909f56bfc062723c751e8b465ee728b)  -> (artifact id: 'd7d45920f4acf24d07e4c418b4273b7a') in 0.034125 seconds 
========================================================================
Received Import Request.
  Time since last request: 1.830679 seconds.
  path: Assets/Gameplay Samples/Prefabs/Projectile.prefab
  artifactKey: Guid(2c84b2ba807395341a8a9694d1514be6) Importer(815301076,1909f56bfc062723c751e8b465ee728b)
Start importing Assets/Gameplay Samples/Prefabs/Projectile.prefab using Guid(2c84b2ba807395341a8a9694d1514be6) Importer(815301076,1909f56bfc062723c751e8b465ee728b)  -> (artifact id: 'cf6cbec05e9fee8d7156b9cf4440afb8') in 0.011602 seconds 
========================================================================
Received Import Request.
  Time since last request: 6.206844 seconds.
  path: Assets/Gameplay Samples/Prefabs/Projectile.prefab
  artifactKey: Guid(2c84b2ba807395341a8a9694d1514be6) Importer(815301076,1909f56bfc062723c751e8b465ee728b)
Start importing Assets/Gameplay Samples/Prefabs/Projectile.prefab using Guid(2c84b2ba807395341a8a9694d1514be6) Importer(815301076,1909f56bfc062723c751e8b465ee728b)  -> (artifact id: '574c77897ccb7258e13008af3a97577d') in 0.011776 seconds 
========================================================================
Received Import Request.
  Time since last request: 11.485546 seconds.
  path: Assets/Gameplay Samples/Prefabs/Projectile.prefab
  artifactKey: Guid(2c84b2ba807395341a8a9694d1514be6) Importer(815301076,1909f56bfc062723c751e8b465ee728b)
Start importing Assets/Gameplay Samples/Prefabs/Projectile.prefab using Guid(2c84b2ba807395341a8a9694d1514be6) Importer(815301076,1909f56bfc062723c751e8b465ee728b)  -> (artifact id: '291465aace6e727803e2ec1a1ffb07a7') in 0.011220 seconds 
========================================================================
Received Import Request.
  Time since last request: 2.160255 seconds.
  path: Assets/Gameplay Samples/Prefabs/Projectile.prefab
  artifactKey: Guid(2c84b2ba807395341a8a9694d1514be6) Importer(815301076,1909f56bfc062723c751e8b465ee728b)
Start importing Assets/Gameplay Samples/Prefabs/Projectile.prefab using Guid(2c84b2ba807395341a8a9694d1514be6) Importer(815301076,1909f56bfc062723c751e8b465ee728b)  -> (artifact id: 'fccb556ed9102b6144b344f9a0206d5c') in 0.009610 seconds 
========================================================================
Received Import Request.
  Time since last request: 9.987760 seconds.
  path: Assets/Gameplay Samples/Prefabs/Projectile.prefab
  artifactKey: Guid(2c84b2ba807395341a8a9694d1514be6) Importer(815301076,1909f56bfc062723c751e8b465ee728b)
Start importing Assets/Gameplay Samples/Prefabs/Projectile.prefab using Guid(2c84b2ba807395341a8a9694d1514be6) Importer(815301076,1909f56bfc062723c751e8b465ee728b)  -> (artifact id: 'c43c80c90c6d106c9d0afc29fd32e867') in 0.018400 seconds 
========================================================================
Received Import Request.
  Time since last request: 1.526236 seconds.
  path: Assets/Gameplay Samples/Prefabs/Projectile.prefab
  artifactKey: Guid(2c84b2ba807395341a8a9694d1514be6) Importer(815301076,1909f56bfc062723c751e8b465ee728b)
Start importing Assets/Gameplay Samples/Prefabs/Projectile.prefab using Guid(2c84b2ba807395341a8a9694d1514be6) Importer(815301076,1909f56bfc062723c751e8b465ee728b)  -> (artifact id: 'ad7f1e870af664659f14bfe50f90d9ec') in 0.011104 seconds 
========================================================================
Received Import Request.
  Time since last request: 7.256860 seconds.
  path: Assets/Gameplay Samples/Prefabs/Projectile.prefab
  artifactKey: Guid(2c84b2ba807395341a8a9694d1514be6) Importer(815301076,1909f56bfc062723c751e8b465ee728b)
Start importing Assets/Gameplay Samples/Prefabs/Projectile.prefab using Guid(2c84b2ba807395341a8a9694d1514be6) Importer(815301076,1909f56bfc062723c751e8b465ee728b)  -> (artifact id: '343aee8a2cb242e8fb8496396e18a54b') in 0.009546 seconds 
========================================================================
Received Prepare
Registering precompiled user dll's ...
Registered in 0.003921 seconds.
Begin MonoManager ReloadAssembly
Symbol file LoadedFromMemory doesn't match image E:\Unity Projects\GP-CW-1\GP CW 1\Library\PackageCache\com.unity.visualscripting@1.7.5\Editor\VisualScripting.Core\Dependencies\YamlDotNet\Unity.VisualScripting.YamlDotNet.dll
Symbol file LoadedFromMemory doesn't match image E:\Unity Projects\GP-CW-1\GP CW 1\Library\PackageCache\com.unity.visualscripting@1.7.5\Editor\VisualScripting.Core\Dependencies\DotNetZip\Unity.VisualScripting.IonicZip.dll
Native extension for WindowsStandalone target not found
Refreshing native plugins compatible for Editor in 1.30 ms, found 3 plugins.
Preloading 0 native plugins for Editor in 0.00 ms.
Mono: successfully reloaded assembly
- Completed reload, in  1.377 seconds
Domain Reload Profiling:
	ReloadAssembly (1378ms)
		BeginReloadAssembly (145ms)
			ExecutionOrderSort (0ms)
			DisableScriptedObjects (6ms)
			BackupInstance (0ms)
			ReleaseScriptingObjects (0ms)
			CreateAndSetChildDomain (51ms)
		EndReloadAssembly (1149ms)
			LoadAssemblies (67ms)
			RebuildTransferFunctionScriptingTraits (0ms)
			SetupTypeCache (261ms)
			ReleaseScriptCaches (2ms)
			RebuildScriptCaches (49ms)
			SetupLoadedEditorAssemblies (697ms)
				LogAssemblyErrors (0ms)
				InitializePlatformSupportModulesInManaged (10ms)
				SetLoadedEditorAssemblies (0ms)
				RefreshPlugins (1ms)
				BeforeProcessingInitializeOnLoad (78ms)
				ProcessInitializeOnLoadAttributes (525ms)
				ProcessInitializeOnLoadMethodAttributes (78ms)
				AfterProcessingInitializeOnLoad (3ms)
				EditorAssembliesLoaded (0ms)
			ExecutionOrderSort2 (0ms)
			AwakeInstancesAfterBackupRestoration (20ms)
Platform modules already initialized, skipping
Refreshing native plugins compatible for Editor in 1.30 ms, found 3 plugins.
Preloading 0 native plugins for Editor in 0.00 ms.
Unloading 5769 Unused Serialized files (Serialized files now loaded: 0)
Unloading 38 unused Assets / (1.7 MB). Loaded Objects now: 6460.
Memory consumption went from 236.9 MB to 235.3 MB.
Total: 4.681800 ms (FindLiveObjects: 0.607800 ms CreateObjectMapping: 0.161400 ms MarkObjects: 3.421400 ms  DeleteObjects: 0.490200 ms)

AssetImportParameters requested are different than current active one (requested -> active):
  custom:video-decoder-ogg-theora: a1e56fd34408186e4bbccfd4996cb3dc -> 
  custom:container-muxer-webm: aa71ff27fc2769a1b78a27578f13a17b -> 
  custom:container-demuxer-webm: 4f35f7cbe854078d1ac9338744f61a02 -> 
  custom:video-encoder-webm-vp8: eb34c28f22e8b96e1ab97ce403110664 -> 
  custom:audio-encoder-webm-vorbis: bf7c407c2cedff20999df2af8eb42d56 -> 
  custom:framework-win-MediaFoundation: 216162199b28c13a410421893ffa2e32 -> 
  custom:container-demuxer-ogg: 62fdf1f143b41e24485cea50d1cbac27 -> 
  custom:video-decoder-webm-vp8: 9c59270c3fd7afecdb556c50c9e8de78 -> 
  custom:audio-decoder-ogg-vorbis: bf7c407c2cedff20999df2af8eb42d56 -> 
========================================================================
Received Import Request.
  Time since last request: 209.297671 seconds.
  path: Packages/com.unity.render-pipelines.universal/package.json
  artifactKey: Guid(30648b8d550465f4bb77f1e1afd0b37d) Importer(815301076,1909f56bfc062723c751e8b465ee728b)
Start importing Packages/com.unity.render-pipelines.universal/package.json using Guid(30648b8d550465f4bb77f1e1afd0b37d) Importer(815301076,1909f56bfc062723c751e8b465ee728b)  -> (artifact id: '3c1a3575c326ad7078bba78feff9ac79') in 0.211131 seconds 
========================================================================
Received Import Request.
  Time since last request: 5.319824 seconds.
  path: Assets/Gameplay Samples/Prefabs/Projectile.prefab
  artifactKey: Guid(2c84b2ba807395341a8a9694d1514be6) Importer(815301076,1909f56bfc062723c751e8b465ee728b)
Start importing Assets/Gameplay Samples/Prefabs/Projectile.prefab using Guid(2c84b2ba807395341a8a9694d1514be6) Importer(815301076,1909f56bfc062723c751e8b465ee728b)  -> (artifact id: 'a372ec20b7c1f4886928f31765272e80') in 0.146694 seconds 
========================================================================
Received Import Request.
  Time since last request: 6.668396 seconds.
  path: Assets/Gameplay Samples/Prefabs/Projectile.prefab
  artifactKey: Guid(2c84b2ba807395341a8a9694d1514be6) Importer(815301076,1909f56bfc062723c751e8b465ee728b)
Start importing Assets/Gameplay Samples/Prefabs/Projectile.prefab using Guid(2c84b2ba807395341a8a9694d1514be6) Importer(815301076,1909f56bfc062723c751e8b465ee728b)  -> (artifact id: 'd5c6fc234a036040d8dbf5864732245c') in 0.011475 seconds 
========================================================================
Received Prepare
Registering precompiled user dll's ...
Registered in 0.003808 seconds.
Begin MonoManager ReloadAssembly
Could not allocate -1297150568 (1 * -1297150568) bytes
Crash!!!
SymInit: Symbol-SearchPath: 'E:/Unity Projects/2021.2.6f1/Editor/Data/Mono;.;E:\Unity Projects\GP-CW-1\GP CW 1;E:\Unity Projects\GP-CW-1\GP CW 1\Library\BurstCache\JIT;E:\Unity Projects\2021.2.6f1\Editor;C:\WINDOWS;C:\WINDOWS\system32;SRV*C:\websymbols*http://msdl.microsoft.com/download/symbols;', symOptions: 534, UserName: 'Sarkis'
OS-Version: 10.0.0
E:\Unity Projects\2021.2.6f1\Editor\Unity.exe:Unity.exe (00007FF664770000), size: 72974336 (result: 0), SymType: '-deferred-', PDB: '', fileVersion: 2021.2.6.20098
C:\WINDOWS\SYSTEM32\ntdll.dll:ntdll.dll (00007FFFCECD0000), size: 2052096 (result: 0), SymType: '-deferred-', PDB: '', fileVersion: 10.0.19041.1466
C:\WINDOWS\System32\KERNEL32.DLL:KERNEL32.DLL (00007FFFCE360000), size: 778240 (result: 0), SymType: '-deferred-', PDB: '', fileVersion: 10.0.19041.1466
C:\WINDOWS\System32\KERNELBASE.dll:KERNELBASE.dll (00007FFFCC6D0000), size: 2916352 (result: 0), SymType: '-deferred-', PDB: '', fileVersion: 10.0.19041.1466
C:\WINDOWS\System32\CRYPT32.dll:CRYPT32.dll (00007FFFCC3E0000), size: 1400832 (result: 0), SymType: '-deferred-', PDB: '', fileVersion: 10.0.19041.1320
C:\WINDOWS\System32\ucrtbase.dll:ucrtbase.dll (00007FFFCC540000), size: 1048576 (result: 0), SymType: '-deferred-', PDB: '', fileVersion: 10.0.19041.789
C:\WINDOWS\System32\USER32.dll:USER32.dll (00007FFFCDF80000), size: 1708032 (result: 0), SymType: '-deferred-', PDB: '', fileVersion: 10.0.19041.1202
E:\Unity Projects\2021.2.6f1\Editor\libfbxsdk.dll:libfbxsdk.dll (00007FFF67660000), size: 10215424 (result: 0), SymType: '-deferred-', PDB: '', fileVersion: 2020.2.0.0
E:\Unity Projects\2021.2.6f1\Editor\optix.6.0.0.dll:optix.6.0.0.dll (00007FFFC2AB0000), size: 208896 (result: 0), SymType: '-deferred-', PDB: '', fileVersion: 6.0.0.0
E:\Unity Projects\2021.2.6f1\Editor\s3tcompress.dll:s3tcompress.dll (00007FFFB5840000), size: 180224 (result: 0), SymType: '-deferred-', PDB: ''
C:\WINDOWS\System32\win32u.dll:win32u.dll (00007FFFCCAB0000), size: 139264 (result: 0), SymType: '-deferred-', PDB: '', fileVersion: 10.0.19041.1466
C:\WINDOWS\System32\GDI32.dll:GDI32.dll (00007FFFCCD10000), size: 176128 (result: 0), SymType: '-deferred-', PDB: '', fileVersion: 10.0.19041.1202
C:\WINDOWS\System32\gdi32full.dll:gdi32full.dll (00007FFFCC9A0000), size: 1101824 (result: 0), SymType: '-deferred-', PDB: '', fileVersion: 10.0.19041.1466
C:\WINDOWS\System32\msvcp_win.dll:msvcp_win.dll (00007FFFCCBC0000), size: 643072 (result: 0), SymType: '-deferred-', PDB: '', fileVersion: 10.0.19041.789
C:\WINDOWS\System32\ADVAPI32.dll:ADVAPI32.dll (00007FFFCDED0000), size: 712704 (result: 0), SymType: '-deferred-', PDB: '', fileVersion: 10.0.19041.1466
C:\WINDOWS\System32\msvcrt.dll:msvcrt.dll (00007FFFCE8D0000), size: 647168 (result: 0), SymType: '-deferred-', PDB: '', fileVersion: 7.0.19041.546
C:\WINDOWS\System32\sechost.dll:sechost.dll (00007FFFCE1A0000), size: 638976 (result: 0), SymType: '-deferred-', PDB: '', fileVersion: 10.0.19041.1466
C:\WINDOWS\System32\RPCRT4.dll:RPCRT4.dll (00007FFFCD4B0000), size: 1200128 (result: 0), SymType: '-deferred-', PDB: '', fileVersion: 10.0.19041.1466
C:\WINDOWS\System32\SHELL32.dll:SHELL32.dll (00007FFFCD770000), size: 7618560 (result: 0), SymType: '-deferred-', PDB: '', fileVersion: 10.0.19041.1466
C:\WINDOWS\System32\SHLWAPI.dll:SHLWAPI.dll (00007FFFCD0E0000), size: 348160 (result: 0), SymType: '-deferred-', PDB: '', fileVersion: 10.0.19041.1023
C:\WINDOWS\System32\ole32.dll:ole32.dll (00007FFFCEA20000), size: 1220608 (result: 0), SymType: '-deferred-', PDB: '', fileVersion: 10.0.19041.1202
C:\WINDOWS\System32\combase.dll:combase.dll (00007FFFCD140000), size: 3493888 (result: 0), SymType: '-deferred-', PDB: '', fileVersion: 10.0.19041.1348
C:\WINDOWS\System32\IMM32.dll:IMM32.dll (00007FFFCE8A0000), size: 196608 (result: 0), SymType: '-deferred-', PDB: '', fileVersion: 10.0.19041.546
C:\WINDOWS\System32\SETUPAPI.dll:SETUPAPI.dll (00007FFFCE420000), size: 4661248 (result: 0), SymType: '-deferred-', PDB: '', fileVersion: 10.0.19041.1237
C:\WINDOWS\System32\cfgmgr32.dll:cfgmgr32.dll (00007FFFCCAE0000), size: 319488 (result: 0), SymType: '-deferred-', PDB: '', fileVersion: 10.0.19041.1151
C:\WINDOWS\System32\bcrypt.dll:bcrypt.dll (00007FFFCC640000), size: 159744 (result: 0), SymType: '-deferred-', PDB: '', fileVersion: 10.0.19041.1023
C:\WINDOWS\System32\WS2_32.dll:WS2_32.dll (00007FFFCE130000), size: 438272 (result: 0), SymType: '-deferred-', PDB: '', fileVersion: 10.0.19041.546
C:\WINDOWS\System32\OLEAUT32.dll:OLEAUT32.dll (00007FFFCCD50000), size: 839680 (result: 0), SymType: '-deferred-', PDB: '', fileVersion: 10.0.19041.985
C:\WINDOWS\System32\WINTRUST.dll:WINTRUST.dll (00007FFFCC670000), size: 393216 (result: 0), SymType: '-deferred-', PDB: '', fileVersion: 10.0.19041.1466
E:\Unity Projects\2021.2.6f1\Editor\etccompress.dll:etccompress.dll (00007FFF67180000), size: 5066752 (result: 0), SymType: '-deferred-', PDB: ''
E:\Unity Projects\2021.2.6f1\Editor\ispc_texcomp.dll:ispc_texcomp.dll (00007FFF9ED50000), size: 1740800 (result: 0), SymType: '-deferred-', PDB: ''
E:\Unity Projects\2021.2.6f1\Editor\compress_bc7e.dll:compress_bc7e.dll (00007FFF99410000), size: 1441792 (result: 0), SymType: '-deferred-', PDB: ''
E:\Unity Projects\2021.2.6f1\Editor\FreeImage.dll:FreeImage.dll (0000000180000000), size: 6582272 (result: 0), SymType: '-deferred-', PDB: '', fileVersion: 3.18.0.0
E:\Unity Projects\2021.2.6f1\Editor\OpenImageDenoise.dll:OpenImageDenoise.dll (00007FFF5F7D0000), size: 35123200 (result: 0), SymType: '-deferred-', PDB: '', fileVersion: 1.3.0.0
E:\Unity Projects\2021.2.6f1\Editor\WinPixEventRuntime.dll:WinPixEventRuntime.dll (00007FFFC6890000), size: 45056 (result: 0), SymType: '-deferred-', PDB: '', fileVersion: 1.0.1812.6001
E:\Unity Projects\2021.2.6f1\Editor\umbraoptimizer64.dll:umbraoptimizer64.dll (00007FFF992E0000), size: 1187840 (result: 0), SymType: '-deferred-', PDB: ''
C:\WINDOWS\SYSTEM32\OPENGL32.dll:OPENGL32.dll (00007FFF991B0000), size: 1200128 (result: 0), SymType: '-deferred-', PDB: '', fileVersion: 10.0.19041.1081
C:\WINDOWS\SYSTEM32\GLU32.dll:GLU32.dll (00007FFFB5810000), size: 180224 (result: 0), SymType: '-deferred-', PDB: '', fileVersion: 10.0.19041.1081
C:\WINDOWS\SYSTEM32\IPHLPAPI.DLL:IPHLPAPI.DLL (00007FFFCB830000), size: 241664 (result: 0), SymType: '-deferred-', PDB: '', fileVersion: 10.0.19041.546
C:\WINDOWS\SYSTEM32\WINHTTP.dll:WINHTTP.dll (00007FFFC2D50000), size: 1097728 (result: 0), SymType: '-deferred-', PDB: '', fileVersion: 10.0.19041.1320
C:\WINDOWS\SYSTEM32\WINMM.dll:WINMM.dll (00007FFFC0200000), size: 159744 (result: 0), SymType: '-deferred-', PDB: '', fileVersion: 10.0.19041.546
C:\WINDOWS\SYSTEM32\HID.DLL:HID.DLL (00007FFFCAC90000), size: 53248 (result: 0), SymType: '-deferred-', PDB: '', fileVersion: 10.0.19041.546
C:\WINDOWS\SYSTEM32\dwmapi.dll:dwmapi.dll (00007FFFCA110000), size: 192512 (result: 0), SymType: '-deferred-', PDB: '', fileVersion: 10.0.19041.746
E:\Unity Projects\2021.2.6f1\Editor\RadeonImageFilters.dll:RadeonImageFilters.dll (00007FFF66EA0000), size: 2961408 (result: 0), SymType: '-deferred-', PDB: '', fileVersion: 1.7.0.0
E:\Unity Projects\2021.2.6f1\Editor\SketchUpAPI.dll:SketchUpAPI.dll (00007FFF665C0000), size: 9306112 (result: 0), SymType: '-deferred-', PDB: '', fileVersion: 20.2.172.0
C:\WINDOWS\SYSTEM32\VERSION.dll:VERSION.dll (00007FFFC65A0000), size: 40960 (result: 0), SymType: '-deferred-', PDB: '', fileVersion: 10.0.19041.546
C:\WINDOWS\SYSTEM32\WSOCK32.dll:WSOCK32.dll (00007FFFBD670000), size: 36864 (result: 0), SymType: '-deferred-', PDB: '', fileVersion: 10.0.19041.1
E:\Unity Projects\2021.2.6f1\Editor\tbb12.dll:tbb12.dll (00007FFF9ECF0000), size: 389120 (result: 0), SymType: '-deferred-', PDB: ''
C:\WINDOWS\SYSTEM32\MSVCP140.dll:MSVCP140.dll (00007FFFBF7E0000), size: 581632 (result: 0), SymType: '-deferred-', PDB: '', fileVersion: 14.30.30704.0
C:\WINDOWS\SYSTEM32\VCRUNTIME140.dll:VCRUNTIME140.dll (00007FFFBF940000), size: 110592 (result: 0), SymType: '-deferred-', PDB: '', fileVersion: 14.30.30704.0
C:\WINDOWS\SYSTEM32\VCRUNTIME140_1.dll:VCRUNTIME140_1.dll (00007FFFBEF40000), size: 49152 (result: 0), SymType: '-deferred-', PDB: '', fileVersion: 14.30.30704.0
E:\Unity Projects\2021.2.6f1\Editor\SketchUpCommonPreferences.dll:SketchUpCommonPreferences.dll (00007FFFB0150000), size: 479232 (result: 0), SymType: '-deferred-', PDB: '', fileVersion: 20.2.172.37
C:\WINDOWS\SYSTEM32\Secur32.dll:Secur32.dll (00007FFFB7290000), size: 49152 (result: 0), SymType: '-deferred-', PDB: '', fileVersion: 10.0.19041.546
E:\Unity Projects\2021.2.6f1\Editor\RadeonML.dll:RadeonML.dll (00007FFFB01D0000), size: 94208 (result: 0), SymType: '-deferred-', PDB: '', fileVersion: 0.9.11.0
C:\WINDOWS\SYSTEM32\SSPICLI.DLL:SSPICLI.DLL (00007FFFCC2D0000), size: 200704 (result: 0), SymType: '-deferred-', PDB: '', fileVersion: 10.0.19041.1266
E:\Unity Projects\2021.2.6f1\Editor\OpenRL.dll:OpenRL.dll (00000251A0E20000), size: 12779520 (result: 0), SymType: '-deferred-', PDB: '', fileVersion: 1.5.0.2907
C:\WINDOWS\SYSTEM32\MSVCP100.dll:MSVCP100.dll (00000000702C0000), size: 622592 (result: 0), SymType: '-deferred-', PDB: '', fileVersion: 10.0.40219.325
E:\Unity Projects\2021.2.6f1\Editor\embree.dll:embree.dll (00007FFF655D0000), size: 16711680 (result: 0), SymType: '-deferred-', PDB: '', fileVersion: 2.14.0.0
C:\WINDOWS\SYSTEM32\MSVCR100.dll:MSVCR100.dll (000000006F4C0000), size: 860160 (result: 0), SymType: '-deferred-', PDB: '', fileVersion: 10.0.40219.325
C:\WINDOWS\SYSTEM32\MSWSOCK.DLL:MSWSOCK.DLL (00007FFFCBB90000), size: 434176 (result: 0), SymType: '-deferred-', PDB: '', fileVersion: 10.0.19041.546
E:\Unity Projects\2021.2.6f1\Editor\tbb.dll:tbb.dll (00007FFF9EC80000), size: 413696 (result: 0), SymType: '-deferred-', PDB: '', fileVersion: 2017.0.2016.1004
C:\WINDOWS\SYSTEM32\MSVCR120.dll:MSVCR120.dll (00007FFF76F40000), size: 978944 (result: 0), SymType: '-deferred-', PDB: '', fileVersion: 12.0.40649.5
C:\WINDOWS\SYSTEM32\MSVCP120.dll:MSVCP120.dll (00007FFF68E60000), size: 679936 (result: 0), SymType: '-deferred-', PDB: '', fileVersion: 12.0.40649.5
E:\Unity Projects\2021.2.6f1\Editor\OpenRL_pthread.dll:OpenRL_pthread.dll (00000251A1A70000), size: 61440 (result: 0), SymType: '-deferred-', PDB: '', fileVersion: 2.9.0.0
E:\Unity Projects\2021.2.6f1\Editor\tbbmalloc.dll:tbbmalloc.dll (00007FFF76E00000), size: 372736 (result: 0), SymType: '-deferred-', PDB: '', fileVersion: 2017.0.2016.1004
C:\WINDOWS\SYSTEM32\MSASN1.dll:MSASN1.dll (00007FFFCBFC0000), size: 73728 (result: 0), SymType: '-deferred-', PDB: '', fileVersion: 10.0.19041.546
C:\WINDOWS\SYSTEM32\kernel.appcore.dll:kernel.appcore.dll (00007FFFCA2F0000), size: 73728 (result: 0), SymType: '-deferred-', PDB: '', fileVersion: 10.0.19041.546
C:\WINDOWS\System32\bcryptPrimitives.dll:bcryptPrimitives.dll (00007FFFCCB30000), size: 532480 (result: 0), SymType: '-deferred-', PDB: '', fileVersion: 10.0.19041.1415
C:\WINDOWS\system32\uxtheme.dll:uxtheme.dll (00007FFFC9E10000), size: 647168 (result: 0), SymType: '-deferred-', PDB: '', fileVersion: 10.0.19041.1266
C:\WINDOWS\System32\shcore.dll:shcore.dll (00007FFFCCE80000), size: 708608 (result: 0), SymType: '-deferred-', PDB: '', fileVersion: 10.0.19041.1387
C:\WINDOWS\SYSTEM32\windows.storage.dll:windows.storage.dll (00007FFFCA4F0000), size: 7950336 (result: 0), SymType: '-deferred-', PDB: '', fileVersion: 10.0.19041.1466
C:\WINDOWS\SYSTEM32\Wldp.dll:Wldp.dll (00007FFFCBE30000), size: 188416 (result: 0), SymType: '-deferred-', PDB: '', fileVersion: 10.0.19041.1320
C:\WINDOWS\SYSTEM32\profapi.dll:profapi.dll (00007FFFCC320000), size: 126976 (result: 0), SymType: '-deferred-', PDB: '', fileVersion: 10.0.19041.844
C:\WINDOWS\system32\IconCodecService.dll:IconCodecService.dll (00007FFFA7250000), size: 36864 (result: 0), SymType: '-deferred-', PDB: '', fileVersion: 10.0.19041.1
C:\WINDOWS\SYSTEM32\WindowsCodecs.dll:WindowsCodecs.dll (00007FFFC4F70000), size: 1785856 (result: 0), SymType: '-deferred-', PDB: '', fileVersion: 10.0.19041.1151
C:\WINDOWS\System32\clbcatq.dll:clbcatq.dll (00007FFFCE970000), size: 692224 (result: 0), SymType: '-deferred-', PDB: '', fileVersion: 2001.12.10941.16384
C:\WINDOWS\System32\netprofm.dll:netprofm.dll (00007FFFC7D90000), size: 253952 (result: 0), SymType: '-deferred-', PDB: '', fileVersion: 10.0.19041.906
C:\WINDOWS\System32\npmproxy.dll:npmproxy.dll (00007FFFC3F40000), size: 65536 (result: 0), SymType: '-deferred-', PDB: '', fileVersion: 10.0.19041.906
C:\WINDOWS\System32\NSI.dll:NSI.dll (00007FFFCDEC0000), size: 32768 (result: 0), SymType: '-deferred-', PDB: '', fileVersion: 10.0.19041.610
C:\WINDOWS\SYSTEM32\dhcpcsvc6.DLL:dhcpcsvc6.DLL (00007FFFC6910000), size: 94208 (result: 0), SymType: '-deferred-', PDB: '', fileVersion: 10.0.19041.546
C:\WINDOWS\SYSTEM32\dhcpcsvc.DLL:dhcpcsvc.DLL (00007FFFC6860000), size: 118784 (result: 0), SymType: '-deferred-', PDB: '', fileVersion: 10.0.19041.546
C:\WINDOWS\SYSTEM32\DNSAPI.dll:DNSAPI.dll (00007FFFCB880000), size: 831488 (result: 0), SymType: '-deferred-', PDB: '', fileVersion: 10.0.19041.1320
C:\WINDOWS\System32\fwpuclnt.dll:fwpuclnt.dll (00007FFFC21A0000), size: 520192 (result: 0), SymType: '-deferred-', PDB: '', fileVersion: 10.0.19041.1466
C:\Windows\System32\rasadhlp.dll:rasadhlp.dll (00007FFFC3200000), size: 40960 (result: 0), SymType: '-deferred-', PDB: '', fileVersion: 10.0.19041.546
E:\Unity Projects\2021.2.6f1\Editor\NVUnityPlugin.DLL:NVUnityPlugin.DLL (00007FFF652E0000), size: 1536000 (result: 0), SymType: '-deferred-', PDB: ''
E:\Unity Projects\2021.2.6f1\Editor\Data\Tools\astcenc-avx2.dll:astcenc-avx2.dll (00007FFF65250000), size: 561152 (result: 0), SymType: '-deferred-', PDB: ''
C:\WINDOWS\SYSTEM32\d3d11.dll:d3d11.dll (00007FFFC8100000), size: 2506752 (result: 0), SymType: '-deferred-', PDB: '', fileVersion: 10.0.19041.1202
C:\WINDOWS\SYSTEM32\dxgi.dll:dxgi.dll (00007FFFCACD0000), size: 999424 (result: 0), SymType: '-deferred-', PDB: '', fileVersion: 10.0.19041.1266
C:\WINDOWS\System32\DriverStore\FileRepository\nvmdi.inf_amd64_171a8092a51ff342\nvldumdx.dll:nvldumdx.dll (00007FFFC0B20000), size: 1073152 (result: 0), SymType: '-deferred-', PDB: '', fileVersion: 30.0.14.9676
C:\WINDOWS\SYSTEM32\cryptnet.dll:cryptnet.dll (00007FFFC4920000), size: 200704 (result: 0), SymType: '-deferred-', PDB: '', fileVersion: 10.0.19041.906
C:\WINDOWS\SYSTEM32\drvstore.dll:drvstore.dll (00007FFFC14C0000), size: 1351680 (result: 0), SymType: '-deferred-', PDB: '', fileVersion: 10.0.19041.1320
C:\WINDOWS\SYSTEM32\devobj.dll:devobj.dll (00007FFFCC180000), size: 212992 (result: 0), SymType: '-deferred-', PDB: '', fileVersion: 10.0.19041.1151
C:\WINDOWS\SYSTEM32\cryptbase.dll:cryptbase.dll (00007FFFCBDA0000), size: 49152 (result: 0), SymType: '-deferred-', PDB: '', fileVersion: 10.0.19041.546
C:\WINDOWS\System32\imagehlp.dll:imagehlp.dll (00007FFFCD5E0000), size: 118784 (result: 0), SymType: '-deferred-', PDB: '', fileVersion: 10.0.19041.1415
C:\WINDOWS\SYSTEM32\CRYPTSP.dll:CRYPTSP.dll (00007FFFCBD80000), size: 98304 (result: 0), SymType: '-deferred-', PDB: '', fileVersion: 10.0.19041.546
C:\WINDOWS\system32\rsaenh.dll:rsaenh.dll (00007FFFCB440000), size: 212992 (result: 0), SymType: '-deferred-', PDB: '', fileVersion: 10.0.19041.1052
C:\WINDOWS\System32\DriverStore\FileRepository\nvmdi.inf_amd64_171a8092a51ff342\nvwgf2umx.dll:nvwgf2umx.dll (00007FFF8F330000), size: 43163648 (result: 0), SymType: '-deferred-', PDB: '', fileVersion: 30.0.14.9676
C:\WINDOWS\system32\nvspcap64.dll:nvspcap64.dll (00007FFF84090000), size: 2904064 (result: 0), SymType: '-deferred-', PDB: '', fileVersion: 3.24.0.123
C:\WINDOWS\SYSTEM32\ntmarta.dll:ntmarta.dll (00007FFFCB0D0000), size: 208896 (result: 0), SymType: '-deferred-', PDB: '', fileVersion: 10.0.19041.546
C:\WINDOWS\SYSTEM32\dxcore.dll:dxcore.dll (00007FFFC0C40000), size: 241664 (result: 0), SymType: '-deferred-', PDB: '', fileVersion: 10.0.19041.546
C:\WINDOWS\system32\wbem\wbemprox.dll:wbemprox.dll (00007FFFC3D70000), size: 69632 (result: 0), SymType: '-deferred-', PDB: '', fileVersion: 10.0.19041.1320
C:\WINDOWS\SYSTEM32\wbemcomn.dll:wbemcomn.dll (00007FFFC3760000), size: 598016 (result: 0), SymType: '-deferred-', PDB: '', fileVersion: 10.0.19041.1081
C:\WINDOWS\system32\wbem\wbemsvc.dll:wbemsvc.dll (00007FFFC1430000), size: 81920 (result: 0), SymType: '-deferred-', PDB: '', fileVersion: 10.0.19041.1320
C:\WINDOWS\system32\wbem\fastprox.dll:fastprox.dll (00007FFFC1610000), size: 1093632 (result: 0), SymType: '-deferred-', PDB: '', fileVersion: 10.0.19041.546
C:\WINDOWS\SYSTEM32\amsi.dll:amsi.dll (00007FFFC0B00000), size: 102400 (result: 0), SymType: '-deferred-', PDB: '', fileVersion: 10.0.19041.746
C:\WINDOWS\SYSTEM32\USERENV.dll:USERENV.dll (00007FFFCC2A0000), size: 188416 (result: 0), SymType: '-deferred-', PDB: '', fileVersion: 10.0.19041.572
C:\ProgramData\Microsoft\Windows Defender\Platform\4.18.2108.7-0\MpOav.dll:MpOav.dll (00007FFFC0A80000), size: 495616 (result: 0), SymType: '-deferred-', PDB: '', fileVersion: 4.18.2108.7
E:\Unity Projects\2021.2.6f1\Editor\cudart64_90.dll:cudart64_90.dll (00007FFF651E0000), size: 397312 (result: 0), SymType: '-deferred-', PDB: '', fileVersion: 6.14.11.9000
C:\WINDOWS\SYSTEM32\opencl.dll:opencl.dll (00007FFF65070000), size: 1474560 (result: 0), SymType: '-deferred-', PDB: '', fileVersion: 3.0.1.0
E:\Unity Projects\2021.2.6f1\Editor\radeonrays.dll:radeonrays.dll (00007FFF64FE0000), size: 557056 (result: 0), SymType: '-deferred-', PDB: ''
E:\Unity Projects\2021.2.6f1\Editor\Data\MonoBleedingEdge\EmbedRuntime\mono-2.0-bdwgc.dll:mono-2.0-bdwgc.dll (00007FFF63740000), size: 11177984 (result: 0), SymType: '-deferred-', PDB: ''
E:\Unity Projects\GP-CW-1\GP CW 1\Library\PackageCache\com.unity.burst@1.6.0\.Runtime\burst-llvm-11.dll:burst-llvm-11.dll (00007FFF5B7D0000), size: 38744064 (result: 0), SymType: '-deferred-', PDB: ''
C:\WINDOWS\SYSTEM32\PROPSYS.dll:PROPSYS.dll (00007FFFC7F10000), size: 1007616 (result: 0), SymType: '-deferred-', PDB: '', fileVersion: 7.0.19041.1023
C:\WINDOWS\WinSxS\amd64_microsoft.windows.common-controls_6595b64144ccf1df_6.0.19041.1110_none_60b5254171f9507e\comctl32.dll:comctl32.dll (00007FFFB7310000), size: 2727936 (result: 0), SymType: '-deferred-', PDB: '', fileVersion: 6.10.19041.1110
C:\Windows\System32\thumbcache.dll:thumbcache.dll (00007FFFB30E0000), size: 417792 (result: 0), SymType: '-deferred-', PDB: '', fileVersion: 10.0.19041.1151
C:\WINDOWS\SYSTEM32\dbghelp.dll:dbghelp.dll (00007FFFC4080000), size: 1982464 (result: 0), SymType: '-deferred-', PDB: '', fileVersion: 10.0.19041.867

========== OUTPUTTING STACK TRACE ==================

0x00007FFFCC704F69 (KERNELBASE) RaiseException
0x00007FFF637B064C (mono-2.0-bdwgc) [C:\build\output\Unity-Technologies\mono\mono\utils\mono-log-common.c:143] mono_log_write_logfile 
0x00007FFF6379C4A2 (mono-2.0-bdwgc) [C:\build\output\Unity-Technologies\mono\mono\eglib\goutput.c:172] monoeg_g_logv_nofree 
0x00007FFF6379C508 (mono-2.0-bdwgc) [C:\build\output\Unity-Technologies\mono\mono\eglib\goutput.c:187] monoeg_g_log 
0x00007FFF6379BDC2 (mono-2.0-bdwgc) [C:\build\output\Unity-Technologies\mono\mono\eglib\gmem.c:138] monoeg_malloc0 
0x00007FFF6390B1D2 (mono-2.0-bdwgc) [C:\build\output\Unity-Technologies\mono\mono\metadata\object.c:7947] mono_utf16_to_utf8len 
0x00007FFF6390AFB3 (mono-2.0-bdwgc) [C:\build\output\Unity-Technologies\mono\mono\metadata\object.c:7905] mono_string_to_utf8 
0x00007FF6656700B6 (Unity) MonoStringToCpp
0x00007FF6656C351E (Unity) scripting_cpp_string_for
0x00007FF6656F54BA (Unity) TransferField_NonArray<StreamedBinaryWrite,Converter_String>
0x00007FF665671286 (Unity) ExecuteSerializationCommands<JSONRead>
0x00007FF6656891F8 (Unity) <lambda_23502d5cf47c99f01792cd87488ce116>::operator()
0x00007FF665684455 (Unity) TransferScriptingObject<StreamedBinaryWrite>
0x00007FF66568EA66 (Unity) SerializableManagedRefBackupGenerator::ExtractBackupFromInstance
0x00007FF66568B7DE (Unity) MonoBehaviour::BackupAndDeflateManagedReferences
0x00007FF665737CD3 (Unity) SerializableManagedRefsUtilities::BackupAndDeflateAll
0x00007FF66568BCA2 (Unity) MonoManager::BeginReloadAssembly
0x00007FF665695857 (Unity) MonoManager::ReloadAssembly
0x00007FF6665ABAE2 (Unity) LoadDomainAndUserAssemblies
0x00007FF6665AC214 (Unity) LoadUserAssemblies
0x00007FF666A3B618 (Unity) <lambda_c8aac203af85da22e031a8e6d38250eb>::operator()
0x00007FF666ACFFD2 (Unity) asio::detail::completion_handler<core::mutable_function<void __cdecl(void)> >::do_complete
0x00007FF666AD225D (Unity) asio::detail::win_iocp_io_service::do_one
0x00007FF666AD567E (Unity) asio::io_service::run
0x00007FF666ACE471 (Unity) IOService::Run
0x00007FF666A67B68 (Unity) RunAssetImportWorkerClientV2
0x00007FF666A67C3B (Unity) RunAssetImporterV2
0x00007FF6662AF250 (Unity) Application::InitializeProject
0x00007FF6666FA398 (Unity) WinMain
0x00007FF667A0A652 (Unity) __scrt_common_main_seh
0x00007FFFCE377034 (KERNEL32) BaseThreadInitThunk
0x00007FFFCED22651 (ntdll) RtlUserThreadStart

========== END OF STACKTRACE ===========

A crash has been intercepted by the crash handler. For call stack and other details, see the latest crash report generated in:
 * C:/Users/Sarkis/AppData/Local/Temp/Unity/Editor/Crashes
